Arguments: 
  /usr/local/bin/node /usr/local/bin/yarn

PATH: 
  /usr/local/opt/openjdk@11/bin:/Users/jiangshaochuan/Desktop/我的电脑/个人文档/知否文章集合/蒋少川技术栈/npm/jsc-node-classes/flutter/bin:/usr/local/bin:/usr/local/bin:/usr/local/sbin:/usr/local/bin:/usr/bin:/bin:/usr/sbin:/sbin:/Library/Apple/usr/bin:/usr/local/opt/openjdk@11/bin://flutter/bin:/usr/local/sbin:/Library/Maven/apache-maven-3.8.6/bin:/Library/Maven/apache-maven-3.8.6/bin

Yarn version: 
  1.22.10

Node version: 
  14.17.5

Platform: 
  darwin x64

Trace: 
  SyntaxError: /Users/jiangshaochuan/Desktop/我的电脑/个人文档/知否文章集合/蒋少川技术栈/npm/jsc-node-classes/package.json: Unexpected token / in JSON at position 145
      at JSON.parse (<anonymous>)
      at /usr/local/lib/node_modules/yarn/lib/cli.js:1625:59
      at Generator.next (<anonymous>)
      at step (/usr/local/lib/node_modules/yarn/lib/cli.js:310:30)
      at /usr/local/lib/node_modules/yarn/lib/cli.js:321:13

npm manifest: 
  {
      "name": "jsc-node-classes",
      "version": "1.21.0",
      "description": "node 端工具类库",
      "scripts": {
          "build": "rollup-c"
          // "sync": "isc-pkg-service sync -l",
          // "clean": "isc-pkg-service clean -l",
          // "lint": "isc-pkg-service lint -l",
          // "lint:fix": "isc-pkg-service lint -l --fix",
          // "test": "isc-pkg-service test -l",
          // "test:cover": "isc-pkg-service test -l --cover",
          // "build": "isc-pkg-service build -l",
          // "release": "isc-pkg-service release -l",
          // "prepublishOnly": "isc-pkg-service npm-login --config /home/gitlab-runner/npm_account.json"
      },
      "main": "index.js",
      "module": "index.mjs",
      "types": "index.d.ts",
      "sideEffects": false,
      "files": [
          "cli.js",
          "cli.mjs",
          "cli.d.ts",
          "generator.js",
          "generator.mjs",
          "generator.d.ts",
          "logger.js",
          "logger.mjs",
          "logger.d.ts",
          "runner.js",
          "runner.mjs",
          "runner.d.ts",
          "task.js",
          "task.mjs",
          "task.d.ts"
      ],
      "keywords": [
          "isyscore",
          "classes"
      ],
      "author": "蒋少川",
      "maintainers": [],
      "repository": "https://github.com/jiangsc93/jsc-node-classes.git",
      "license": "MIT",
      "dependencies": {
          "jsc-classes": "^1.9.3",
          "jsc-utils": "^2.8.0",
          "async-validator": "^3.3.0",
          "chalk": "^4.0.0",
          "ejs": "^3.1.5",
          "fs-extra": "^9.0.1",
          "glob": "^7.1.6",
          "minimist": "^1.2.5",
          "tslib": "^1.11.1"
      },
      "devDependencies": {
          "@babel/core": "^7.9.6",
          "@babel/eslint-parser": "^7.12.13",
          "@babel/preset-env": "^7.9.6",
          "@babel/preset-typescript": "^7.9.0",
          "@commitlint/cli": "^8.3.5",
          "@commitlint/config-conventional": "^8.3.4",
          "@rollup/plugin-commonjs": "^17.0.0",
          "@rollup/plugin-json": "^4.1.0",
          "@rollup/plugin-typescript": "^8.1.0",
          "@types/ejs": "^3.0.5",
          "@types/fs-extra": "^9.0.6",
          "@types/glob": "^7.1.3",
          "@types/jest": "^25.2.1",
          "@typescript-eslint/eslint-plugin": "^4.11.1",
          "@typescript-eslint/parser": "^4.11.1",
          "eslint": "^7.16.0",
          "eslint-config-prettier": "^7.1.0",
          "eslint-plugin-import": "^2.22.1",
          "eslint-plugin-jest": "^24.1.3",
          "eslint-plugin-prettier": "^3.3.0",
          "glob": "^7.1.6",
          "husky": "^4.3.6",
          "jest": "^25.4.0",
          "lint-staged": "^10.5.3",
          "prettier": "^2.2.1",
          "rollup": "^2.35.1",
          "typescript": "^3.9.3"
      }
  }

yarn manifest: 
  No manifest

Lockfile: 
  No lockfile
